CRITICAL - 2026-04-25 07:39:11 --> Error: Class "Config\Mimes" not found
in SYSTEMPATH\HTTP\Files\UploadedFile.php on line 314.
 1 SYSTEMPATH\HTTP\Files\UploadedFile.php(303): CodeIgniter\HTTP\Files\UploadedFile->guessExtension()
 2 SYSTEMPATH\Files\File.php(129): CodeIgniter\HTTP\Files\UploadedFile->getExtension()
 3 APPPATH\Controllers\Photos.php(44): CodeIgniter\Files\File->getRandomName()
 4 SYSTEMPATH\CodeIgniter.php(943): App\Controllers\Photos->upload()
 5 SYSTEMPATH\CodeIgniter.php(503): CodeIgniter\CodeIgniter->runController(Object(App\Controllers\Photos))
 6 SYSTEMPATH\CodeIgniter.php(361): CodeIgniter\CodeIgniter->handleRequest(null, Object(Config\Cache), false)
 7 FCPATH\index.php(79): CodeIgniter\CodeIgniter->run()
ERROR - 2026-04-25 07:43:00 --> mysqli_sql_exception: Table 'wedding_db.wedding_photos' doesn't exist in C:\Users\MSIGAMING\wed3\backend\vendor\codeigniter4\framework\system\Database\MySQLi\Connection.php:306
Stack trace:
#0 C:\Users\MSIGAMING\wed3\backend\vendor\codeigniter4\framework\system\Database\MySQLi\Connection.php(306): mysqli->query('INSERT INTO `we...', 0)
#1 C:\Users\MSIGAMING\wed3\backend\vendor\codeigniter4\framework\system\Database\BaseConnection.php(693): CodeIgniter\Database\MySQLi\Connection->execute('INSERT INTO `we...')
#2 C:\Users\MSIGAMING\wed3\backend\vendor\codeigniter4\framework\system\Database\BaseConnection.php(607): CodeIgniter\Database\BaseConnection->simpleQuery('INSERT INTO `we...')
#3 C:\Users\MSIGAMING\wed3\backend\vendor\codeigniter4\framework\system\Database\BaseBuilder.php(2307): CodeIgniter\Database\BaseConnection->query('INSERT INTO `we...', Array, false)
#4 C:\Users\MSIGAMING\wed3\backend\vendor\codeigniter4\framework\system\Model.php(327): CodeIgniter\Database\BaseBuilder->insert()
#5 C:\Users\MSIGAMING\wed3\backend\vendor\codeigniter4\framework\system\BaseModel.php(805): CodeIgniter\Model->doInsert(Array)
#6 C:\Users\MSIGAMING\wed3\backend\vendor\codeigniter4\framework\system\Model.php(749): CodeIgniter\BaseModel->insert(Array, true)
#7 C:\Users\MSIGAMING\wed3\backend\app\Controllers\Photos.php(55): CodeIgniter\Model->insert(Array)
#8 C:\Users\MSIGAMING\wed3\backend\vendor\codeigniter4\framework\system\CodeIgniter.php(943): App\Controllers\Photos->upload()
#9 C:\Users\MSIGAMING\wed3\backend\vendor\codeigniter4\framework\system\CodeIgniter.php(503): CodeIgniter\CodeIgniter->runController(Object(App\Controllers\Photos))
#10 C:\Users\MSIGAMING\wed3\backend\vendor\codeigniter4\framework\system\CodeIgniter.php(361): CodeIgniter\CodeIgniter->handleRequest(NULL, Object(Config\Cache), false)
#11 C:\Users\MSIGAMING\wed3\backend\public\index.php(79): CodeIgniter\CodeIgniter->run()
#12 {main}
CRITICAL - 2026-04-25 07:43:00 --> CodeIgniter\Database\Exceptions\DatabaseException: Table 'wedding_db.wedding_photos' doesn't exist
in SYSTEMPATH\Database\BaseConnection.php on line 647.
 1 SYSTEMPATH\Database\BaseBuilder.php(2307): CodeIgniter\Database\BaseConnection->query('INSERT INTO `wedding_photos` (`guest_id`, `file_url`, `drive_file_id`, `is_deleted`, `added_by`, `added_on`, `updated_by`, `updated_on`) VALUES (:guest_id:, :file_url:, :drive_file_id:, :is_deleted:, :added_by:, :added_on:, :updated_by:, :updated_on:)', [...], false)
 2 SYSTEMPATH\Model.php(327): CodeIgniter\Database\BaseBuilder->insert()
 3 SYSTEMPATH\BaseModel.php(805): CodeIgniter\Model->doInsert([...])
 4 SYSTEMPATH\Model.php(749): CodeIgniter\BaseModel->insert([...], true)
 5 APPPATH\Controllers\Photos.php(55): CodeIgniter\Model->insert([...])
 6 SYSTEMPATH\CodeIgniter.php(943): App\Controllers\Photos->upload()
 7 SYSTEMPATH\CodeIgniter.php(503): CodeIgniter\CodeIgniter->runController(Object(App\Controllers\Photos))
 8 SYSTEMPATH\CodeIgniter.php(361): CodeIgniter\CodeIgniter->handleRequest(null, Object(Config\Cache), false)
 9 FCPATH\index.php(79): CodeIgniter\CodeIgniter->run()
CRITICAL - 2026-04-25 07:43:00 --> [Caused by] CodeIgniter\Database\Exceptions\DatabaseException: Table 'wedding_db.wedding_photos' doesn't exist
in SYSTEMPATH\Database\MySQLi\Connection.php on line 311.
 1 SYSTEMPATH\Database\BaseConnection.php(693): CodeIgniter\Database\MySQLi\Connection->execute('INSERT INTO `wedding_photos` (`guest_id`, `file_url`, `drive_file_id`, `is_deleted`, `added_by`, `added_on`, `updated_by`, `updated_on`) VALUES (\'1\', \'http://localhost:8080/uploads/photos/photo_69ec7084033ca9.42643054.png\', NULL, 0, \'guest\', \'2026-04-25 07:43:00\', \'guest\', \'2026-04-25 07:43:00\')')
 2 SYSTEMPATH\Database\BaseConnection.php(607): CodeIgniter\Database\BaseConnection->simpleQuery('INSERT INTO `wedding_photos` (`guest_id`, `file_url`, `drive_file_id`, `is_deleted`, `added_by`, `added_on`, `updated_by`, `updated_on`) VALUES (\'1\', \'http://localhost:8080/uploads/photos/photo_69ec7084033ca9.42643054.png\', NULL, 0, \'guest\', \'2026-04-25 07:43:00\', \'guest\', \'2026-04-25 07:43:00\')')
 3 SYSTEMPATH\Database\BaseBuilder.php(2307): CodeIgniter\Database\BaseConnection->query('INSERT INTO `wedding_photos` (`guest_id`, `file_url`, `drive_file_id`, `is_deleted`, `added_by`, `added_on`, `updated_by`, `updated_on`) VALUES (:guest_id:, :file_url:, :drive_file_id:, :is_deleted:, :added_by:, :added_on:, :updated_by:, :updated_on:)', [...], false)
 4 SYSTEMPATH\Model.php(327): CodeIgniter\Database\BaseBuilder->insert()
 5 SYSTEMPATH\BaseModel.php(805): CodeIgniter\Model->doInsert([...])
 6 SYSTEMPATH\Model.php(749): CodeIgniter\BaseModel->insert([...], true)
 7 APPPATH\Controllers\Photos.php(55): CodeIgniter\Model->insert([...])
 8 SYSTEMPATH\CodeIgniter.php(943): App\Controllers\Photos->upload()
 9 SYSTEMPATH\CodeIgniter.php(503): CodeIgniter\CodeIgniter->runController(Object(App\Controllers\Photos))
10 SYSTEMPATH\CodeIgniter.php(361): CodeIgniter\CodeIgniter->handleRequest(null, Object(Config\Cache), false)
11 FCPATH\index.php(79): CodeIgniter\CodeIgniter->run()
CRITICAL - 2026-04-25 07:43:00 --> [Caused by] mysqli_sql_exception: Table 'wedding_db.wedding_photos' doesn't exist
in SYSTEMPATH\Database\MySQLi\Connection.php on line 306.
 1 SYSTEMPATH\Database\MySQLi\Connection.php(306): mysqli->query('INSERT INTO `wedding_photos` (`guest_id`, `file_url`, `drive_file_id`, `is_deleted`, `added_by`, `added_on`, `updated_by`, `updated_on`) VALUES (\'1\', \'http://localhost:8080/uploads/photos/photo_69ec7084033ca9.42643054.png\', NULL, 0, \'guest\', \'2026-04-25 07:43:00\', \'guest\', \'2026-04-25 07:43:00\')', 0)
 2 SYSTEMPATH\Database\BaseConnection.php(693): CodeIgniter\Database\MySQLi\Connection->execute('INSERT INTO `wedding_photos` (`guest_id`, `file_url`, `drive_file_id`, `is_deleted`, `added_by`, `added_on`, `updated_by`, `updated_on`) VALUES (\'1\', \'http://localhost:8080/uploads/photos/photo_69ec7084033ca9.42643054.png\', NULL, 0, \'guest\', \'2026-04-25 07:43:00\', \'guest\', \'2026-04-25 07:43:00\')')
 3 SYSTEMPATH\Database\BaseConnection.php(607): CodeIgniter\Database\BaseConnection->simpleQuery('INSERT INTO `wedding_photos` (`guest_id`, `file_url`, `drive_file_id`, `is_deleted`, `added_by`, `added_on`, `updated_by`, `updated_on`) VALUES (\'1\', \'http://localhost:8080/uploads/photos/photo_69ec7084033ca9.42643054.png\', NULL, 0, \'guest\', \'2026-04-25 07:43:00\', \'guest\', \'2026-04-25 07:43:00\')')
 4 SYSTEMPATH\Database\BaseBuilder.php(2307): CodeIgniter\Database\BaseConnection->query('INSERT INTO `wedding_photos` (`guest_id`, `file_url`, `drive_file_id`, `is_deleted`, `added_by`, `added_on`, `updated_by`, `updated_on`) VALUES (:guest_id:, :file_url:, :drive_file_id:, :is_deleted:, :added_by:, :added_on:, :updated_by:, :updated_on:)', [...], false)
 5 SYSTEMPATH\Model.php(327): CodeIgniter\Database\BaseBuilder->insert()
 6 SYSTEMPATH\BaseModel.php(805): CodeIgniter\Model->doInsert([...])
 7 SYSTEMPATH\Model.php(749): CodeIgniter\BaseModel->insert([...], true)
 8 APPPATH\Controllers\Photos.php(55): CodeIgniter\Model->insert([...])
 9 SYSTEMPATH\CodeIgniter.php(943): App\Controllers\Photos->upload()
10 SYSTEMPATH\CodeIgniter.php(503): CodeIgniter\CodeIgniter->runController(Object(App\Controllers\Photos))
11 SYSTEMPATH\CodeIgniter.php(361): CodeIgniter\CodeIgniter->handleRequest(null, Object(Config\Cache), false)
12 FCPATH\index.php(79): CodeIgniter\CodeIgniter->run()
ERROR - 2026-04-25 07:43:11 --> mysqli_sql_exception: Table 'wedding_db.wedding_photos' doesn't exist in C:\Users\MSIGAMING\wed3\backend\vendor\codeigniter4\framework\system\Database\MySQLi\Connection.php:306
Stack trace:
#0 C:\Users\MSIGAMING\wed3\backend\vendor\codeigniter4\framework\system\Database\MySQLi\Connection.php(306): mysqli->query('INSERT INTO `we...', 0)
#1 C:\Users\MSIGAMING\wed3\backend\vendor\codeigniter4\framework\system\Database\BaseConnection.php(693): CodeIgniter\Database\MySQLi\Connection->execute('INSERT INTO `we...')
#2 C:\Users\MSIGAMING\wed3\backend\vendor\codeigniter4\framework\system\Database\BaseConnection.php(607): CodeIgniter\Database\BaseConnection->simpleQuery('INSERT INTO `we...')
#3 C:\Users\MSIGAMING\wed3\backend\vendor\codeigniter4\framework\system\Database\BaseBuilder.php(2307): CodeIgniter\Database\BaseConnection->query('INSERT INTO `we...', Array, false)
#4 C:\Users\MSIGAMING\wed3\backend\vendor\codeigniter4\framework\system\Model.php(327): CodeIgniter\Database\BaseBuilder->insert()
#5 C:\Users\MSIGAMING\wed3\backend\vendor\codeigniter4\framework\system\BaseModel.php(805): CodeIgniter\Model->doInsert(Array)
#6 C:\Users\MSIGAMING\wed3\backend\vendor\codeigniter4\framework\system\Model.php(749): CodeIgniter\BaseModel->insert(Array, true)
#7 C:\Users\MSIGAMING\wed3\backend\app\Controllers\Photos.php(55): CodeIgniter\Model->insert(Array)
#8 C:\Users\MSIGAMING\wed3\backend\vendor\codeigniter4\framework\system\CodeIgniter.php(943): App\Controllers\Photos->upload()
#9 C:\Users\MSIGAMING\wed3\backend\vendor\codeigniter4\framework\system\CodeIgniter.php(503): CodeIgniter\CodeIgniter->runController(Object(App\Controllers\Photos))
#10 C:\Users\MSIGAMING\wed3\backend\vendor\codeigniter4\framework\system\CodeIgniter.php(361): CodeIgniter\CodeIgniter->handleRequest(NULL, Object(Config\Cache), false)
#11 C:\Users\MSIGAMING\wed3\backend\public\index.php(79): CodeIgniter\CodeIgniter->run()
#12 {main}
CRITICAL - 2026-04-25 07:43:11 --> CodeIgniter\Database\Exceptions\DatabaseException: Table 'wedding_db.wedding_photos' doesn't exist
in SYSTEMPATH\Database\BaseConnection.php on line 647.
 1 SYSTEMPATH\Database\BaseBuilder.php(2307): CodeIgniter\Database\BaseConnection->query('INSERT INTO `wedding_photos` (`guest_id`, `file_url`, `drive_file_id`, `is_deleted`, `added_by`, `added_on`, `updated_by`, `updated_on`) VALUES (:guest_id:, :file_url:, :drive_file_id:, :is_deleted:, :added_by:, :added_on:, :updated_by:, :updated_on:)', [...], false)
 2 SYSTEMPATH\Model.php(327): CodeIgniter\Database\BaseBuilder->insert()
 3 SYSTEMPATH\BaseModel.php(805): CodeIgniter\Model->doInsert([...])
 4 SYSTEMPATH\Model.php(749): CodeIgniter\BaseModel->insert([...], true)
 5 APPPATH\Controllers\Photos.php(55): CodeIgniter\Model->insert([...])
 6 SYSTEMPATH\CodeIgniter.php(943): App\Controllers\Photos->upload()
 7 SYSTEMPATH\CodeIgniter.php(503): CodeIgniter\CodeIgniter->runController(Object(App\Controllers\Photos))
 8 SYSTEMPATH\CodeIgniter.php(361): CodeIgniter\CodeIgniter->handleRequest(null, Object(Config\Cache), false)
 9 FCPATH\index.php(79): CodeIgniter\CodeIgniter->run()
CRITICAL - 2026-04-25 07:43:11 --> [Caused by] CodeIgniter\Database\Exceptions\DatabaseException: Table 'wedding_db.wedding_photos' doesn't exist
in SYSTEMPATH\Database\MySQLi\Connection.php on line 311.
 1 SYSTEMPATH\Database\BaseConnection.php(693): CodeIgniter\Database\MySQLi\Connection->execute('INSERT INTO `wedding_photos` (`guest_id`, `file_url`, `drive_file_id`, `is_deleted`, `added_by`, `added_on`, `updated_by`, `updated_on`) VALUES (\'1\', \'http://localhost:8080/uploads/photos/photo_69ec708f78e3f4.55779744.png\', NULL, 0, \'guest\', \'2026-04-25 07:43:11\', \'guest\', \'2026-04-25 07:43:11\')')
 2 SYSTEMPATH\Database\BaseConnection.php(607): CodeIgniter\Database\BaseConnection->simpleQuery('INSERT INTO `wedding_photos` (`guest_id`, `file_url`, `drive_file_id`, `is_deleted`, `added_by`, `added_on`, `updated_by`, `updated_on`) VALUES (\'1\', \'http://localhost:8080/uploads/photos/photo_69ec708f78e3f4.55779744.png\', NULL, 0, \'guest\', \'2026-04-25 07:43:11\', \'guest\', \'2026-04-25 07:43:11\')')
 3 SYSTEMPATH\Database\BaseBuilder.php(2307): CodeIgniter\Database\BaseConnection->query('INSERT INTO `wedding_photos` (`guest_id`, `file_url`, `drive_file_id`, `is_deleted`, `added_by`, `added_on`, `updated_by`, `updated_on`) VALUES (:guest_id:, :file_url:, :drive_file_id:, :is_deleted:, :added_by:, :added_on:, :updated_by:, :updated_on:)', [...], false)
 4 SYSTEMPATH\Model.php(327): CodeIgniter\Database\BaseBuilder->insert()
 5 SYSTEMPATH\BaseModel.php(805): CodeIgniter\Model->doInsert([...])
 6 SYSTEMPATH\Model.php(749): CodeIgniter\BaseModel->insert([...], true)
 7 APPPATH\Controllers\Photos.php(55): CodeIgniter\Model->insert([...])
 8 SYSTEMPATH\CodeIgniter.php(943): App\Controllers\Photos->upload()
 9 SYSTEMPATH\CodeIgniter.php(503): CodeIgniter\CodeIgniter->runController(Object(App\Controllers\Photos))
10 SYSTEMPATH\CodeIgniter.php(361): CodeIgniter\CodeIgniter->handleRequest(null, Object(Config\Cache), false)
11 FCPATH\index.php(79): CodeIgniter\CodeIgniter->run()
CRITICAL - 2026-04-25 07:43:11 --> [Caused by] mysqli_sql_exception: Table 'wedding_db.wedding_photos' doesn't exist
in SYSTEMPATH\Database\MySQLi\Connection.php on line 306.
 1 SYSTEMPATH\Database\MySQLi\Connection.php(306): mysqli->query('INSERT INTO `wedding_photos` (`guest_id`, `file_url`, `drive_file_id`, `is_deleted`, `added_by`, `added_on`, `updated_by`, `updated_on`) VALUES (\'1\', \'http://localhost:8080/uploads/photos/photo_69ec708f78e3f4.55779744.png\', NULL, 0, \'guest\', \'2026-04-25 07:43:11\', \'guest\', \'2026-04-25 07:43:11\')', 0)
 2 SYSTEMPATH\Database\BaseConnection.php(693): CodeIgniter\Database\MySQLi\Connection->execute('INSERT INTO `wedding_photos` (`guest_id`, `file_url`, `drive_file_id`, `is_deleted`, `added_by`, `added_on`, `updated_by`, `updated_on`) VALUES (\'1\', \'http://localhost:8080/uploads/photos/photo_69ec708f78e3f4.55779744.png\', NULL, 0, \'guest\', \'2026-04-25 07:43:11\', \'guest\', \'2026-04-25 07:43:11\')')
 3 SYSTEMPATH\Database\BaseConnection.php(607): CodeIgniter\Database\BaseConnection->simpleQuery('INSERT INTO `wedding_photos` (`guest_id`, `file_url`, `drive_file_id`, `is_deleted`, `added_by`, `added_on`, `updated_by`, `updated_on`) VALUES (\'1\', \'http://localhost:8080/uploads/photos/photo_69ec708f78e3f4.55779744.png\', NULL, 0, \'guest\', \'2026-04-25 07:43:11\', \'guest\', \'2026-04-25 07:43:11\')')
 4 SYSTEMPATH\Database\BaseBuilder.php(2307): CodeIgniter\Database\BaseConnection->query('INSERT INTO `wedding_photos` (`guest_id`, `file_url`, `drive_file_id`, `is_deleted`, `added_by`, `added_on`, `updated_by`, `updated_on`) VALUES (:guest_id:, :file_url:, :drive_file_id:, :is_deleted:, :added_by:, :added_on:, :updated_by:, :updated_on:)', [...], false)
 5 SYSTEMPATH\Model.php(327): CodeIgniter\Database\BaseBuilder->insert()
 6 SYSTEMPATH\BaseModel.php(805): CodeIgniter\Model->doInsert([...])
 7 SYSTEMPATH\Model.php(749): CodeIgniter\BaseModel->insert([...], true)
 8 APPPATH\Controllers\Photos.php(55): CodeIgniter\Model->insert([...])
 9 SYSTEMPATH\CodeIgniter.php(943): App\Controllers\Photos->upload()
10 SYSTEMPATH\CodeIgniter.php(503): CodeIgniter\CodeIgniter->runController(Object(App\Controllers\Photos))
11 SYSTEMPATH\CodeIgniter.php(361): CodeIgniter\CodeIgniter->handleRequest(null, Object(Config\Cache), false)
12 FCPATH\index.php(79): CodeIgniter\CodeIgniter->run()
